1w8l
2a31
1y1m
1b74
1tnk
1rdj
2hdq
1u2y
4tim
1ajp
1w8l: get spectra C-C
2a31: get spectra C-C
1rdj: get spectra C-C
1y1m: get spectra C-C
1tnk: get spectra C-C
2hdq: get spectra C-C
4tim: get spectra C-C
1u2y: get spectra C-C
1b74: get spectra C-C
1ajp: get spectra C-C
len filtration: 16
1rdj: get spectra C-O
len filtration: 16
2hdq: get spectra C-O
len filtration: 16
1u2y: get spectra C-N
len filtration: 16
1w8l: get spectra C-N
len filtration: 16
1b74: get spectra C-N
len filtration: 16
4tim: get spectra C-O
len filtration: 16
2a31: get spectra C-N
len filtration: 16
1tnk: get spectra C-N
len filtration: 16
1y1m: get spectra C-N
len filtration: 16
1ajp: get spectra C-O
len filtration: 16
1rdj: get spectra N-C
len filtration: 16
1w8l: get spectra C-O
len filtration: 16
1rdj: get spectra N-O
len filtration: 16
1u2y: get spectra C-O
len filtration: 16
2a31: get spectra C-O
len filtration: 16
1b74: get spectra C-O
len filtration: 16
1rdj: get spectra O-C
len filtration: 16
1y1m: get spectra C-O
len filtration: 16
4tim: get spectra C-P
len filtration: 16
1rdj: get spectra O-O
len filtration: 16
1tnk: get spectra N-C
len filtration: 16
2a31: get spectra N-C
len filtration: 16
2hdq: get spectra C-S
len filtration: 16
1ajp: get spectra N-C
len filtration: 16
1u2y: get spectra N-C
len filtration: 16
1tnk: get spectra N-N
len filtration: 16
4tim: get spectra N-C
len filtration: 16
1b74: get spectra N-C
len filtration: 16
1ajp: get spectra N-O
len filtration: 16
1y1m: get spectra N-C
len filtration: 16
2hdq: get spectra N-C
len filtration: 16
1tnk: get spectra O-C
len filtration: 16
1b74: get spectra N-N
len filtration: 16
1y1m: get spectra N-N
len filtration: 16
1ajp: get spectra O-C
len filtration: 16
2a31: get spectra N-N
len filtration: 16
1b74: get spectra N-O
len filtration: 16
1u2y: get spectra N-N
len filtration: 16
4tim: get spectra N-O
len filtration: 16
1rdj: get spectra S-C
len filtration: 16
2hdq: get spectra N-O
len filtration: 16
1y1m: get spectra N-O
len filtration: 16
1w8l: get spectra N-C
len filtration: 16
1tnk: get spectra O-N
len filtration: 16
1ajp: get spectra O-O
len filtration: 16
1b74: get spectra O-C
len filtration: 16
1rdj: get spectra S-O
len filtration: 16
1u2y: get spectra N-O
len filtration: 16
2hdq: get spectra N-S
len filtration: 16
4tim: get spectra N-P
len filtration: 16
1tnk: get spectra S-C
len filtration: 16
1y1m: get spectra O-C
len filtration: 16
2hdq: get spectra O-C
len filtration: 16
2a31: get spectra N-O
len filtration: 16
1u2y: get spectra O-C
len filtration: 16
1b74: get spectra O-N
len filtration: 16
4tim: get spectra O-C
len filtration: 16
1ajp: get spectra S-C
len filtration: 16
2a31: get spectra O-C
len filtration: 16
1w8l: get spectra N-N
len filtration: 16
1ajp: get spectra S-O
len filtration: 16
1tnk: get spectra S-N
len filtration: 16
1u2y: get spectra O-N
len filtration: 16
1b74: get spectra O-O
len filtration: 16
4tim: get spectra O-O
len filtration: 16
1y1m: get spectra O-N
len filtration: 16
2hdq: get spectra O-O
len filtration: 16
2a31: get spectra O-N
len filtration: 16
1b74: get spectra S-C
len filtration: 16
4tim: get spectra O-P
len filtration: 16
1y1m: get spectra O-O
len filtration: 16
1w8l: get spectra N-O
len filtration: 16
1u2y: get spectra O-O
len filtration: 16
2hdq: get spectra O-S
len filtration: 16
1b74: get spectra S-N
len filtration: 16
2a31: get spectra O-O
len filtration: 16
4tim: get spectra S-C
len filtration: 16
1y1m: get spectra S-C
len filtration: 16
1b74: get spectra S-O
len filtration: 16
2hdq: get spectra S-C
len filtration: 16
1u2y: get spectra S-C
len filtration: 16
4tim: get spectra S-O
len filtration: 16
1y1m: get spectra S-N
len filtration: 16
1w8l: get spectra O-C
len filtration: 16
1y1m: get spectra S-O
len filtration: 16
2a31: get spectra S-C
len filtration: 16
1w8l: get spectra O-N
len filtration: 16
2a31: get spectra S-N
len filtration: 16
2a31: get spectra S-O
len filtration: 16
1w8l: get spectra O-O
len filtration: 16
1w8l: get spectra S-C
len filtration: 16
1w8l: get spectra S-N
len filtration: 16
1w8l: get spectra S-O
len filtration: 16
len filtration: 16
len filtration: 16
len filtration: 16
len filtration: 16
len filtration: 16
len filtration: 16
len filtration: 16
len filtration: 16
len filtration: 16
multiprocessing.pool.RemoteTraceback: 
"""
Traceback (most recent call last):
  File "/mnt/home/jones657/anaconda3/envs/py36/lib/python3.6/multiprocessing/pool.py", line 119, in worker
    result = (True, func(*args, **kwds))
  File "/mnt/home/jones657/anaconda3/envs/py36/lib/python3.6/multiprocessing/pool.py", line 47, in starmapstar
    return list(itertools.starmap(args[0], args[1]))
  File "main.py", line 38, in compute_features
    df.loc[pdbid, :] = features_np
  File "/mnt/home/jones657/anaconda3/envs/py36/lib/python3.6/site-packages/pandas/core/indexing.py", line 670, in __setitem__
    iloc._setitem_with_indexer(indexer, value)
  File "/mnt/home/jones657/anaconda3/envs/py36/lib/python3.6/site-packages/pandas/core/indexing.py", line 1753, in _setitem_with_indexer
    "Must have equal len keys and value "
ValueError: Must have equal len keys and value when setting with an iterable
"""

The above exception was the direct cause of the following exception:

Traceback (most recent call last):
  File "main.py", line 143, in <module>
    main(sys.argv)
  File "main.py", line 107, in main
    repeat(feature_descriptions))))
  File "/mnt/home/jones657/anaconda3/envs/py36/lib/python3.6/multiprocessing/pool.py", line 274, in starmap
    return self._map_async(func, iterable, starmapstar, chunksize).get()
  File "/mnt/home/jones657/anaconda3/envs/py36/lib/python3.6/multiprocessing/pool.py", line 644, in get
    raise self._value
ValueError: Must have equal len keys and value when setting with an iterable
JobId=58448704 JobName=small_psgbind
   UserId=jones657(6062780) GroupId=eceng(2008) MCS_label=N/A
   Priority=61472 Nice=0 Account=general QOS=jones657
   JobState=RUNNING Reason=None Dependency=(null)
   Requeue=1 Restarts=0 BatchFlag=1 Reboot=0 ExitCode=0:0
   RunTime=00:11:11 TimeLimit=02:00:00 TimeMin=N/A
   SubmitTime=2022-07-21T12:41:36 EligibleTime=2022-07-21T12:41:36
   AccrueTime=2022-07-21T12:41:36
   StartTime=2022-07-21T12:48:57 EndTime=2022-07-21T14:48:57 Deadline=N/A
   SuspendTime=None SecsPreSuspend=0 LastSchedEval=2022-07-21T12:48:57 Scheduler=Backfill
   Partition=general-long AllocNode:Sid=dev-intel14:27446
   ReqNodeList=(null) ExcNodeList=(null)
   NodeList=lac-232
   BatchHost=lac-232
   NumNodes=1 NumCPUs=10 NumTasks=1 CPUs/Task=10 ReqB:S:C:T=0:0:*:*
   TRES=cpu=10,mem=64G,node=1,billing=9961
   Socks/Node=* NtasksPerN:B:S:C=0:0:*:* CoreSpec=*
   MinCPUsNode=10 MinMemoryNode=64G MinTmpDiskNode=0
   Features=[intel14|intel16|intel18|amr|nvf|nal|nif] DelayBoot=00:00:00
   OverSubscribe=OK Contiguous=0 Licenses=(null) Network=(null)
   Command=/mnt/ufs18/home-205/jones657/Documents/psg_bind/submit.sbatch
   WorkDir=/mnt/ufs18/home-205/jones657/Documents/psg_bind
   Comment=stdout=/mnt/ufs18/home-205/jones657/Documents/psg_bind/./output/%x-58448704.out 
   StdErr=/mnt/ufs18/home-205/jones657/Documents/psg_bind/./output/small_psgbind-58448704.out
   StdIn=/dev/null
   StdOut=/mnt/ufs18/home-205/jones657/Documents/psg_bind/./output/small_psgbind-58448704.out
   Power=
   MailUser=jones657@msu.edu MailType=INVALID_DEPEND,BEGIN,END,FAIL,REQUEUE,STAGE_OUT
   

