1w8l
1f9g
1utp
1bra
multiprocessing.pool.RemoteTraceback: 
"""
Traceback (most recent call last):
  File "/mnt/home/jones657/anaconda3/envs/py36/lib/python3.6/multiprocessing/pool.py", line 119, in worker
    result = (True, func(*args, **kwds))
  File "/mnt/home/jones657/anaconda3/envs/py36/lib/python3.6/multiprocessing/pool.py", line 47, in starmapstar
    return list(itertools.starmap(args[0], args[1]))
  File "main.py", line 32, in compute_features
    features = features + extract_features_by_description(protein, ligand, feature, pdbid)
  File "/mnt/ufs18/home-205/jones657/Documents/psg_bind/extract_features.py", line 133, in extract_features_by_description
    return extract_feature(protein, ligand, feature, pdbid)
  File "/mnt/ufs18/home-205/jones657/Documents/psg_bind/extract_features.py", line 118, in extract_feature
    spectra = get_spectra(P, pdbid)
  File "/mnt/ufs18/home-205/jones657/Documents/psg_bind/get_spectra.py", line 45, in get_spectra
    os.makedirs(f"temp/{pdbid}")
  File "/mnt/home/jones657/anaconda3/envs/py36/lib/python3.6/os.py", line 220, in makedirs
    mkdir(name, mode)
FileExistsError: [Errno 17] File exists: 'temp/1w8l'
"""

The above exception was the direct cause of the following exception:

Traceback (most recent call last):
  File "main.py", line 139, in <module>
    main(sys.argv)
  File "main.py", line 103, in main
    repeat(feature_descriptions))))
  File "/mnt/home/jones657/anaconda3/envs/py36/lib/python3.6/multiprocessing/pool.py", line 274, in starmap
    return self._map_async(func, iterable, starmapstar, chunksize).get()
  File "/mnt/home/jones657/anaconda3/envs/py36/lib/python3.6/multiprocessing/pool.py", line 644, in get
    raise self._value
FileExistsError: [Errno 17] File exists: 'temp/1w8l'
JobId=58213065 JobName=small_psgbind
   UserId=jones657(6062780) GroupId=eceng(2008) MCS_label=N/A
   Priority=60492 Nice=0 Account=general QOS=jones657
   JobState=RUNNING Reason=None Dependency=(null)
   Requeue=1 Restarts=0 BatchFlag=1 Reboot=0 ExitCode=0:0
   RunTime=00:00:08 TimeLimit=01:00:00 TimeMin=N/A
   SubmitTime=2022-07-19T12:22:25 EligibleTime=2022-07-19T12:22:25
   AccrueTime=2022-07-19T12:22:25
   StartTime=2022-07-19T12:23:11 EndTime=2022-07-19T13:23:11 Deadline=N/A
   SuspendTime=None SecsPreSuspend=0 LastSchedEval=2022-07-19T12:23:11 Scheduler=Main
   Partition=general-short AllocNode:Sid=dev-intel14:19710
   ReqNodeList=(null) ExcNodeList=(null)
   NodeList=css-116
   BatchHost=css-116
   NumNodes=1 NumCPUs=4 NumTasks=1 CPUs/Task=4 ReqB:S:C:T=0:0:*:*
   TRES=cpu=4,mem=16G,node=1,billing=2490
   Socks/Node=* NtasksPerN:B:S:C=0:0:*:* CoreSpec=*
   MinCPUsNode=4 MinMemoryNode=16G MinTmpDiskNode=0
   Features=[intel14|intel16|intel18|amr|nvf|nal|nif] DelayBoot=00:00:00
   OverSubscribe=OK Contiguous=0 Licenses=(null) Network=(null)
   Command=/mnt/ufs18/home-205/jones657/Documents/psg_bind/submit.sbatch
   WorkDir=/mnt/ufs18/home-205/jones657/Documents/psg_bind
   Comment=stdout=/mnt/ufs18/home-205/jones657/Documents/psg_bind/./output/%x-58213065.out 
   StdErr=/mnt/ufs18/home-205/jones657/Documents/psg_bind/./output/small_psgbind-58213065.out
   StdIn=/dev/null
   StdOut=/mnt/ufs18/home-205/jones657/Documents/psg_bind/./output/small_psgbind-58213065.out
   Power=
   MailUser=jones657@msu.edu MailType=INVALID_DEPEND,BEGIN,END,FAIL,REQUEUE,STAGE_OUT
   

